[junction_report]
id = j1
time = 1
queues = 

[junction_report]
id = j2
time = 1
queues = (r1,green,[])

[road_report]
id = r1
time = 1
state = (v1,5)

[vehicle_report]
id = v1
time = 1
speed = 5
kilometrage = 5
faulty = 0
location = (r1,5)

[junction_report]
id = j1
time = 2
queues = 

[junction_report]
id = j2
time = 2
queues = (r1,green,[])

[road_report]
id = r1
time = 2
state = (v1,10)

[vehicle_report]
id = v1
time = 2
speed = 5
kilometrage = 10
faulty = 0
location = (r1,10)

[junction_report]
id = j1
time = 3
queues = 

[junction_report]
id = j2
time = 3
queues = (r1,green,[])

[road_report]
id = r1
time = 3
state = (v1,13),(v2,3)

[vehicle_report]
id = v1
time = 3
speed = 3
kilometrage = 13
faulty = 0
location = (r1,13)


[vehicle_report]
id = v2
time = 3
speed = 3
kilometrage = 3
faulty = 0
location = (r1,3)

[junction_report]
id = j1
time = 4
queues = 

[junction_report]
id = j2
time = 4
queues = (r1,green,[])

[road_report]
id = r1
time = 4
state = (v1,16),(v2,6)

[vehicle_report]
id = v1
time = 4
speed = 3
kilometrage = 16
faulty = 0
location = (r1,16)


[vehicle_report]
id = v2
time = 4
speed = 3
kilometrage = 6
faulty = 0
location = (r1,6)

[junction_report]
id = j1
time = 5
queues = 

[junction_report]
id = j2
time = 5
queues = (r1,green,[])

[road_report]
id = r1
time = 5
state = (v1,19),(v2,9)

[vehicle_report]
id = v1
time = 5
speed = 3
kilometrage = 19
faulty = 0
location = (r1,19)


[vehicle_report]
id = v2
time = 5
speed = 3
kilometrage = 9
faulty = 0
location = (r1,9)

[junction_report]
id = j1
time = 6
queues = 

[junction_report]
id = j2
time = 6
queues = (r1,green,[])

[road_report]
id = r1
time = 6
state = (v1,22),(v2,12)

[vehicle_report]
id = v1
time = 6
speed = 3
kilometrage = 22
faulty = 0
location = (r1,22)


[vehicle_report]
id = v2
time = 6
speed = 3
kilometrage = 12
faulty = 0
location = (r1,12)

[junction_report]
id = j1
time = 7
queues = 

[junction_report]
id = j2
time = 7
queues = (r1,green,[])

[road_report]
id = r1
time = 7
state = (v1,25),(v2,15)

[vehicle_report]
id = v1
time = 7
speed = 3
kilometrage = 25
faulty = 0
location = (r1,25)


[vehicle_report]
id = v2
time = 7
speed = 3
kilometrage = 15
faulty = 0
location = (r1,15)

[junction_report]
id = j1
time = 8
queues = 

[junction_report]
id = j2
time = 8
queues = (r1,green,[])

[road_report]
id = r1
time = 8
state = (v1,28),(v2,18)

[vehicle_report]
id = v1
time = 8
speed = 3
kilometrage = 28
faulty = 0
location = (r1,28)


[vehicle_report]
id = v2
time = 8
speed = 3
kilometrage = 18
faulty = 0
location = (r1,18)

[junction_report]
id = j1
time = 9
queues = 

[junction_report]
id = j2
time = 9
queues = (r1,green,[])

[road_report]
id = r1
time = 9
state = (v1,31),(v2,21)

[vehicle_report]
id = v1
time = 9
speed = 3
kilometrage = 31
faulty = 0
location = (r1,31)


[vehicle_report]
id = v2
time = 9
speed = 3
kilometrage = 21
faulty = 0
location = (r1,21)

[junction_report]
id = j1
time = 10
queues = 

[junction_report]
id = j2
time = 10
queues = (r1,green,[])

[road_report]
id = r1
time = 10
state = (v1,34),(v2,24)

[vehicle_report]
id = v1
time = 10
speed = 3
kilometrage = 34
faulty = 0
location = (r1,34)


[vehicle_report]
id = v2
time = 10
speed = 3
kilometrage = 24
faulty = 0
location = (r1,24)

[junction_report]
id = j1
time = 11
queues = 

[junction_report]
id = j2
time = 11
queues = (r1,green,[])

[road_report]
id = r1
time = 11
state = (v1,37),(v2,27)

[vehicle_report]
id = v1
time = 11
speed = 3
kilometrage = 37
faulty = 0
location = (r1,37)


[vehicle_report]
id = v2
time = 11
speed = 3
kilometrage = 27
faulty = 0
location = (r1,27)

[junction_report]
id = j1
time = 12
queues = 

[junction_report]
id = j2
time = 12
queues = (r1,green,[])

[road_report]
id = r1
time = 12
state = (v1,40),(v2,30)

[vehicle_report]
id = v1
time = 12
speed = 3
kilometrage = 40
faulty = 0
location = (r1,40)


[vehicle_report]
id = v2
time = 12
speed = 3
kilometrage = 30
faulty = 0
location = (r1,30)

[junction_report]
id = j1
time = 13
queues = 

[junction_report]
id = j2
time = 13
queues = (r1,green,[])

[road_report]
id = r1
time = 13
state = (v1,43),(v2,33)

[vehicle_report]
id = v1
time = 13
speed = 3
kilometrage = 43
faulty = 0
location = (r1,43)


[vehicle_report]
id = v2
time = 13
speed = 3
kilometrage = 33
faulty = 0
location = (r1,33)

[junction_report]
id = j1
time = 14
queues = 

[junction_report]
id = j2
time = 14
queues = (r1,green,[])

[road_report]
id = r1
time = 14
state = (v1,46),(v2,36)

[vehicle_report]
id = v1
time = 14
speed = 3
kilometrage = 46
faulty = 0
location = (r1,46)


[vehicle_report]
id = v2
time = 14
speed = 3
kilometrage = 36
faulty = 0
location = (r1,36)

[junction_report]
id = j1
time = 15
queues = 

[junction_report]
id = j2
time = 15
queues = (r1,green,[])

[road_report]
id = r1
time = 15
state = (v1,49),(v2,39)

[vehicle_report]
id = v1
time = 15
speed = 3
kilometrage = 49
faulty = 0
location = (r1,49)


[vehicle_report]
id = v2
time = 15
speed = 3
kilometrage = 39
faulty = 0
location = (r1,39)

[junction_report]
id = j1
time = 16
queues = 

[junction_report]
id = j2
time = 16
queues = (r1,green,[])

[road_report]
id = r1
time = 16
state = (v1,52),(v2,42)

[vehicle_report]
id = v1
time = 16
speed = 3
kilometrage = 52
faulty = 0
location = (r1,52)


[vehicle_report]
id = v2
time = 16
speed = 3
kilometrage = 42
faulty = 0
location = (r1,42)

[junction_report]
id = j1
time = 17
queues = 

[junction_report]
id = j2
time = 17
queues = (r1,green,[])

[road_report]
id = r1
time = 17
state = (v1,55),(v2,45)

[vehicle_report]
id = v1
time = 17
speed = 3
kilometrage = 55
faulty = 0
location = (r1,55)


[vehicle_report]
id = v2
time = 17
speed = 3
kilometrage = 45
faulty = 0
location = (r1,45)

[junction_report]
id = j1
time = 18
queues = 

[junction_report]
id = j2
time = 18
queues = (r1,green,[])

[road_report]
id = r1
time = 18
state = (v1,58),(v2,48)

[vehicle_report]
id = v1
time = 18
speed = 3
kilometrage = 58
faulty = 0
location = (r1,58)


[vehicle_report]
id = v2
time = 18
speed = 3
kilometrage = 48
faulty = 0
location = (r1,48)

[junction_report]
id = j1
time = 19
queues = 

[junction_report]
id = j2
time = 19
queues = (r1,green,[])

[road_report]
id = r1
time = 19
state = (v1,61),(v2,51)

[vehicle_report]
id = v1
time = 19
speed = 3
kilometrage = 61
faulty = 0
location = (r1,61)


[vehicle_report]
id = v2
time = 19
speed = 3
kilometrage = 51
faulty = 0
location = (r1,51)

[junction_report]
id = j1
time = 20
queues = 

[junction_report]
id = j2
time = 20
queues = (r1,green,[])

[road_report]
id = r1
time = 20
state = (v1,64),(v2,54)

[vehicle_report]
id = v1
time = 20
speed = 3
kilometrage = 64
faulty = 0
location = (r1,64)


[vehicle_report]
id = v2
time = 20
speed = 3
kilometrage = 54
faulty = 0
location = (r1,54)

[junction_report]
id = j1
time = 21
queues = 

[junction_report]
id = j2
time = 21
queues = (r1,green,[])

[road_report]
id = r1
time = 21
state = (v1,67),(v2,57)

[vehicle_report]
id = v1
time = 21
speed = 3
kilometrage = 67
faulty = 0
location = (r1,67)


[vehicle_report]
id = v2
time = 21
speed = 3
kilometrage = 57
faulty = 0
location = (r1,57)

[junction_report]
id = j1
time = 22
queues = 

[junction_report]
id = j2
time = 22
queues = (r1,green,[])

[road_report]
id = r1
time = 22
state = (v1,70),(v2,60)

[vehicle_report]
id = v1
time = 22
speed = 3
kilometrage = 70
faulty = 0
location = (r1,70)


[vehicle_report]
id = v2
time = 22
speed = 3
kilometrage = 60
faulty = 0
location = (r1,60)

[junction_report]
id = j1
time = 23
queues = 

[junction_report]
id = j2
time = 23
queues = (r1,green,[])

[road_report]
id = r1
time = 23
state = (v1,73),(v2,63)

[vehicle_report]
id = v1
time = 23
speed = 3
kilometrage = 73
faulty = 0
location = (r1,73)


[vehicle_report]
id = v2
time = 23
speed = 3
kilometrage = 63
faulty = 0
location = (r1,63)

[junction_report]
id = j1
time = 24
queues = 

[junction_report]
id = j2
time = 24
queues = (r1,green,[])

[road_report]
id = r1
time = 24
state = (v1,76),(v2,66)

[vehicle_report]
id = v1
time = 24
speed = 3
kilometrage = 76
faulty = 0
location = (r1,76)


[vehicle_report]
id = v2
time = 24
speed = 3
kilometrage = 66
faulty = 0
location = (r1,66)

[junction_report]
id = j1
time = 25
queues = 

[junction_report]
id = j2
time = 25
queues = (r1,green,[])

[road_report]
id = r1
time = 25
state = (v1,79),(v2,69)

[vehicle_report]
id = v1
time = 25
speed = 3
kilometrage = 79
faulty = 0
location = (r1,79)


[vehicle_report]
id = v2
time = 25
speed = 3
kilometrage = 69
faulty = 0
location = (r1,69)

[junction_report]
id = j1
time = 26
queues = 

[junction_report]
id = j2
time = 26
queues = (r1,green,[])

[road_report]
id = r1
time = 26
state = (v1,82),(v2,72)

[vehicle_report]
id = v1
time = 26
speed = 3
kilometrage = 82
faulty = 0
location = (r1,82)


[vehicle_report]
id = v2
time = 26
speed = 3
kilometrage = 72
faulty = 0
location = (r1,72)

[junction_report]
id = j1
time = 27
queues = 

[junction_report]
id = j2
time = 27
queues = (r1,green,[])

[road_report]
id = r1
time = 27
state = (v1,85),(v2,75)

[vehicle_report]
id = v1
time = 27
speed = 3
kilometrage = 85
faulty = 0
location = (r1,85)


[vehicle_report]
id = v2
time = 27
speed = 3
kilometrage = 75
faulty = 0
location = (r1,75)

[junction_report]
id = j1
time = 28
queues = 

[junction_report]
id = j2
time = 28
queues = (r1,green,[])

[road_report]
id = r1
time = 28
state = (v1,88),(v2,78)

[vehicle_report]
id = v1
time = 28
speed = 3
kilometrage = 88
faulty = 0
location = (r1,88)


[vehicle_report]
id = v2
time = 28
speed = 3
kilometrage = 78
faulty = 0
location = (r1,78)

[junction_report]
id = j1
time = 29
queues = 

[junction_report]
id = j2
time = 29
queues = (r1,green,[])

[road_report]
id = r1
time = 29
state = (v1,91),(v2,81)

[vehicle_report]
id = v1
time = 29
speed = 3
kilometrage = 91
faulty = 0
location = (r1,91)


[vehicle_report]
id = v2
time = 29
speed = 3
kilometrage = 81
faulty = 0
location = (r1,81)

[junction_report]
id = j1
time = 30
queues = 

[junction_report]
id = j2
time = 30
queues = (r1,green,[])

[road_report]
id = r1
time = 30
state = (v1,94),(v2,84)

[vehicle_report]
id = v1
time = 30
speed = 3
kilometrage = 94
faulty = 0
location = (r1,94)


[vehicle_report]
id = v2
time = 30
speed = 3
kilometrage = 84
faulty = 0
location = (r1,84)

[junction_report]
id = j1
time = 31
queues = 

[junction_report]
id = j2
time = 31
queues = (r1,green,[])

[road_report]
id = r1
time = 31
state = (v1,97),(v2,87)

[vehicle_report]
id = v1
time = 31
speed = 3
kilometrage = 97
faulty = 0
location = (r1,97)


[vehicle_report]
id = v2
time = 31
speed = 3
kilometrage = 87
faulty = 0
location = (r1,87)

[junction_report]
id = j1
time = 32
queues = 

[junction_report]
id = j2
time = 32
queues = (r1,green,[])

[road_report]
id = r1
time = 32
state = (v2,90)

[vehicle_report]
id = v1
time = 32
speed = 0
kilometrage = 100
faulty = 0
location = arrived


[vehicle_report]
id = v2
time = 32
speed = 3
kilometrage = 90
faulty = 0
location = (r1,90)

[junction_report]
id = j1
time = 33
queues = 

[junction_report]
id = j2
time = 33
queues = (r1,green,[])

[road_report]
id = r1
time = 33
state = (v2,95)

[vehicle_report]
id = v1
time = 33
speed = 0
kilometrage = 100
faulty = 0
location = arrived


[vehicle_report]
id = v2
time = 33
speed = 5
kilometrage = 95
faulty = 0
location = (r1,95)

[junction_report]
id = j1
time = 34
queues = 

[junction_report]
id = j2
time = 34
queues = (r1,green,[])

[road_report]
id = r1
time = 34
state = 

[vehicle_report]
id = v1
time = 34
speed = 0
kilometrage = 100
faulty = 0
location = arrived


[vehicle_report]
id = v2
time = 34
speed = 0
kilometrage = 100
faulty = 0
location = arrived

[junction_report]
id = j1
time = 35
queues = 

[junction_report]
id = j2
time = 35
queues = (r1,green,[])

[road_report]
id = r1
time = 35
state = 

[vehicle_report]
id = v1
time = 35
speed = 0
kilometrage = 100
faulty = 0
location = arrived


[vehicle_report]
id = v2
time = 35
speed = 0
kilometrage = 100
faulty = 0
location = arrived

